<?xml version="1.0" encoding="UTF-8"?>
<!-- Generated by org.testng.reporters.JUnitReportReporter -->
<testsuite skipped="0" hostname="DESKTOP-1LF88A4" name="tests.LoginTest" tests="2" failures="0" timestamp="17 Feb 2021 03:52:35 GMT" time="8.231" errors="0">
  <testcase name="loginTest_OK" time="3.605" classname="tests.LoginTest"/>
  <testcase name="loginTest_BadCredentials" time="4.626" classname="tests.LoginTest"/>
</testsuite> <!-- tests.LoginTest -->
